/*C22*/SET SCHEMA PUBLIC
DELETE FROM DATABASECHANGELOGLOCK WHERE ID=1
INSERT INTO DATABASECHANGELOGLOCK VALUES(1,TRUE,'2021-03-24 11:21:22.779000','192.168.1.102 (192.168.1.102)')
COMMIT
DELETE FROM DATABASECHANGELOGLOCK WHERE ID=1
INSERT INTO DATABASECHANGELOGLOCK VALUES(1,FALSE,NULL,NULL)
COMMIT
DELETE FROM ATLASSIAN_HOST WHERE CLIENT_KEY='8f83bca8-0568-33de-b069-2bdab71f1225'
INSERT INTO ATLASSIAN_HOST VALUES('8f83bca8-0568-33de-b069-2bdab71f1225','MIGfMA0GCSqGSIb3DQEBAQUAA4GNADCBiQKBgQCRDawPYhvxBI0CtZ0xTI0mrEtzydQ26Xj56HQB3Y95n0u9oxLwNfA4Ah0+SyFC2dJjlHdMf3s7+cKMem6lTiF7Ru96chKfKJW+OlfrUjV2QRNx2m0/t2YqySsXNtf8BIuX7bbQpyLemP0qX98timQH9OPbsNK6IlyRcMZR9tLVdQIDAQAB','xPiUGEb771HdIcX/qYuckQTxNSdRqhEcaY4rRdKQXkiqCjinbokITRXT73E+H5KEeltBBm2Se9SofdqxG0dG9w','https://pasha-test.atlassian.net','jira','Atlassian JIRA at https://pasha-test.atlassian.net ',NULL,TRUE,NULL,'2021-03-24 11:21:37.615000',NULL,NULL,NULL)
COMMIT
INSERT INTO ATLASSIAN_HOST VALUES('0aa49b76-d33f-310a-b6ba-dcd02d839dd0','MIGfMA0GCSqGSIb3DQEBAQUAA4GNADCBiQKBgQCPAbypIn3SKk4Ca0sfochk68lC7KlUPNVDkc9Fp4X8nP+Rpo/c+Rm/96tCGl4N8+a/Kyj4C1NtpRd4y4V5pXQPWyeFRRQD/3ae45fyNGy9zBWvtXxjYGvJnFVM9PfXqBSyVmHocYzss8ZVJMbC3zBeU8rUv1A3FnQodkxJc5xGjQIDAQAB','T+PB5YMJbVugVS0F0MbPbDZKd42O/P8B7Ki8LrJKWnlmHHkw4X096prnRM4doQUIoXC+V8bIu2GNU07HvECjQg','https://rholiuk-dev-test.atlassian.net','jira','Atlassian JIRA at https://rholiuk-dev-test.atlassian.net ',NULL,TRUE,'2021-03-24 11:32:36.133000','2021-03-24 11:32:36.133000',NULL,NULL,NULL)
COMMIT
DELETE FROM ATLASSIAN_HOST WHERE CLIENT_KEY='0aa49b76-d33f-310a-b6ba-dcd02d839dd0'
INSERT INTO ATLASSIAN_HOST VALUES('0aa49b76-d33f-310a-b6ba-dcd02d839dd0','MIGfMA0GCSqGSIb3DQEBAQUAA4GNADCBiQKBgQCPAbypIn3SKk4Ca0sfochk68lC7KlUPNVDkc9Fp4X8nP+Rpo/c+Rm/96tCGl4N8+a/Kyj4C1NtpRd4y4V5pXQPWyeFRRQD/3ae45fyNGy9zBWvtXxjYGvJnFVM9PfXqBSyVmHocYzss8ZVJMbC3zBeU8rUv1A3FnQodkxJc5xGjQIDAQAB','T+PB5YMJbVugVS0F0MbPbDZKd42O/P8B7Ki8LrJKWnlmHHkw4X096prnRM4doQUIoXC+V8bIu2GNU07HvECjQg','https://rholiuk-dev-test.atlassian.net','jira','Atlassian JIRA at https://rholiuk-dev-test.atlassian.net ',NULL,FALSE,'2021-03-24 11:32:36.133000','2021-03-24 11:33:32.100000',NULL,'5dc5d7c0b6e6b50c58af1e52',NULL)
COMMIT
DELETE FROM ATLASSIAN_HOST WHERE CLIENT_KEY='0aa49b76-d33f-310a-b6ba-dcd02d839dd0'
INSERT INTO ATLASSIAN_HOST VALUES('0aa49b76-d33f-310a-b6ba-dcd02d839dd0','MIGfMA0GCSqGSIb3DQEBAQUAA4GNADCBiQKBgQCPAbypIn3SKk4Ca0sfochk68lC7KlUPNVDkc9Fp4X8nP+Rpo/c+Rm/96tCGl4N8+a/Kyj4C1NtpRd4y4V5pXQPWyeFRRQD/3ae45fyNGy9zBWvtXxjYGvJnFVM9PfXqBSyVmHocYzss8ZVJMbC3zBeU8rUv1A3FnQodkxJc5xGjQIDAQAB','639a/z0jHaEy8ZIzIjaazTo0BEkVhicQLFIPvOP6JHqRmx9NP1WWpey8S7871lW0Xtf7/toXig41sPUPA5WaqQ','https://rholiuk-dev-test.atlassian.net','jira','Atlassian JIRA at https://rholiuk-dev-test.atlassian.net ',NULL,TRUE,NULL,'2021-03-24 11:35:35.647000',NULL,NULL,NULL)
COMMIT
DELETE FROM ATLASSIAN_HOST WHERE CLIENT_KEY='0aa49b76-d33f-310a-b6ba-dcd02d839dd0'
INSERT INTO ATLASSIAN_HOST VALUES('0aa49b76-d33f-310a-b6ba-dcd02d839dd0','MIGfMA0GCSqGSIb3DQEBAQUAA4GNADCBiQKBgQCPAbypIn3SKk4Ca0sfochk68lC7KlUPNVDkc9Fp4X8nP+Rpo/c+Rm/96tCGl4N8+a/Kyj4C1NtpRd4y4V5pXQPWyeFRRQD/3ae45fyNGy9zBWvtXxjYGvJnFVM9PfXqBSyVmHocYzss8ZVJMbC3zBeU8rUv1A3FnQodkxJc5xGjQIDAQAB','639a/z0jHaEy8ZIzIjaazTo0BEkVhicQLFIPvOP6JHqRmx9NP1WWpey8S7871lW0Xtf7/toXig41sPUPA5WaqQ','https://rholiuk-dev-test.atlassian.net','jira','Atlassian JIRA at https://rholiuk-dev-test.atlassian.net ',NULL,FALSE,NULL,'2021-03-24 11:37:16.635000',NULL,'5dc5d7c0b6e6b50c58af1e52',NULL)
COMMIT
DELETE FROM ATLASSIAN_HOST WHERE CLIENT_KEY='0aa49b76-d33f-310a-b6ba-dcd02d839dd0'
INSERT INTO ATLASSIAN_HOST VALUES('0aa49b76-d33f-310a-b6ba-dcd02d839dd0','MIGfMA0GCSqGSIb3DQEBAQUAA4GNADCBiQKBgQCPAbypIn3SKk4Ca0sfochk68lC7KlUPNVDkc9Fp4X8nP+Rpo/c+Rm/96tCGl4N8+a/Kyj4C1NtpRd4y4V5pXQPWyeFRRQD/3ae45fyNGy9zBWvtXxjYGvJnFVM9PfXqBSyVmHocYzss8ZVJMbC3zBeU8rUv1A3FnQodkxJc5xGjQIDAQAB','eyKPrbyITzY+uhiAmMR8CSlh4wgkvBcImfI6ZwxihHFl95nxtmv+hcS6plEjdQYU0/EmkqOTuWe7Kn7T5Mi23A','https://rholiuk-dev-test.atlassian.net','jira','Atlassian JIRA at https://rholiuk-dev-test.atlassian.net ',NULL,TRUE,NULL,'2021-03-24 11:37:29.645000',NULL,NULL,NULL)
COMMIT
DELETE FROM ATLASSIAN_HOST WHERE CLIENT_KEY='0aa49b76-d33f-310a-b6ba-dcd02d839dd0'
INSERT INTO ATLASSIAN_HOST VALUES('0aa49b76-d33f-310a-b6ba-dcd02d839dd0','MIGfMA0GCSqGSIb3DQEBAQUAA4GNADCBiQKBgQCPAbypIn3SKk4Ca0sfochk68lC7KlUPNVDkc9Fp4X8nP+Rpo/c+Rm/96tCGl4N8+a/Kyj4C1NtpRd4y4V5pXQPWyeFRRQD/3ae45fyNGy9zBWvtXxjYGvJnFVM9PfXqBSyVmHocYzss8ZVJMbC3zBeU8rUv1A3FnQodkxJc5xGjQIDAQAB','eyKPrbyITzY+uhiAmMR8CSlh4wgkvBcImfI6ZwxihHFl95nxtmv+hcS6plEjdQYU0/EmkqOTuWe7Kn7T5Mi23A','https://rholiuk-dev-test.atlassian.net','jira','Atlassian JIRA at https://rholiuk-dev-test.atlassian.net ',NULL,FALSE,NULL,'2021-03-24 11:39:36.007000',NULL,'5dc5d7c0b6e6b50c58af1e52',NULL)
COMMIT
/*C29*/SET SCHEMA PUBLIC
DISCONNECT
/*C25*/SET SCHEMA PUBLIC
DISCONNECT
/*C28*/SET SCHEMA PUBLIC
DISCONNECT
/*C31*/SET SCHEMA PUBLIC
DISCONNECT
/*C24*/SET SCHEMA PUBLIC
DISCONNECT
/*C27*/SET SCHEMA PUBLIC
DISCONNECT
/*C23*/SET SCHEMA PUBLIC
DISCONNECT
/*C22*/DISCONNECT
/*C30*/SET SCHEMA PUBLIC
DISCONNECT
/*C26*/SET SCHEMA PUBLIC
DISCONNECT
/*C34*/SET SCHEMA PUBLIC
DISCONNECT
/*C32*/SET SCHEMA PUBLIC
DISCONNECT
/*C33*/SET SCHEMA PUBLIC
DISCONNECT
/*C36*/SET SCHEMA PUBLIC
DISCONNECT
/*C37*/SET SCHEMA PUBLIC
DISCONNECT
/*C39*/SET SCHEMA PUBLIC
DISCONNECT
/*C38*/SET SCHEMA PUBLIC
DISCONNECT
/*C35*/SET SCHEMA PUBLIC
DISCONNECT
/*C41*/SET SCHEMA PUBLIC
DISCONNECT
/*C40*/SET SCHEMA PUBLIC
DISCONNECT
/*C43*/SET SCHEMA PUBLIC
DISCONNECT
/*C45*/SET SCHEMA PUBLIC
DISCONNECT
/*C42*/SET SCHEMA PUBLIC
DISCONNECT
/*C47*/SET SCHEMA PUBLIC
DISCONNECT
/*C48*/SET SCHEMA PUBLIC
DISCONNECT
/*C50*/SET SCHEMA PUBLIC
DISCONNECT
/*C44*/SET SCHEMA PUBLIC
DISCONNECT
/*C46*/SET SCHEMA PUBLIC
DISCONNECT
/*C49*/SET SCHEMA PUBLIC
DISCONNECT
/*C51*/SET SCHEMA PUBLIC
DISCONNECT
